c:\programming current projects\matrixx4\matrixx4\debug\vc142.pdb
c:\programming current projects\matrixx4\matrixx4\debug\tvector.obj
c:\programming current projects\matrixx4\matrixx4\debug\myform.obj
c:\programming current projects\matrixx4\matrixx4\debug\.netframework,version=v4.7.2.assemblyattributes.obj
c:\programming current projects\matrixx4\matrixx4\debug\.netframework,version=v4.7.2.assemblyattributes.asm
c:\programming current projects\matrixx4\debug\matrixx4.exe
c:\programming current projects\matrixx4\debug\matrixx4.pdb
c:\programming current projects\matrixx4\matrixx4\debug\matrixx4.myform.resources
c:\users\spefix\desktop\matrixx4\matrixx4\debug\matrixx4.vcxproj.generateresource.cache
c:\users\spefix\desktop\matrixx4\matrixx4\debug\matrixx4.vcxprojassemblyreference.cache
c:\users\spefix\desktop\matrixx4\matrixx4\debug\.netframework,version=v4.7.2.assemblyattributes.obj
c:\users\spefix\desktop\matrixx4\matrixx4\debug\myform.obj
c:\users\spefix\desktop\matrixx4\matrixx4\debug\tvector.obj
c:\users\spefix\desktop\matrixx4\matrixx4\debug\matrixx4.myform.resources
c:\users\spefix\desktop\matrixx4\matrixx4\debug\vc142.pdb
c:\users\spefix\desktop\matrixx4\debug\matrixx4.pdb
c:\users\spefix\desktop\matrixx4\matrixx4\debug\matrixx4.tlog\cl.command.1.tlog
c:\users\spefix\desktop\matrixx4\matrixx4\debug\matrixx4.tlog\cl.read.1.tlog
c:\users\spefix\desktop\matrixx4\matrixx4\debug\matrixx4.tlog\cl.write.1.tlog
c:\users\spefix\desktop\matrixx4\matrixx4\debug\matrixx4.tlog\link.11004.delete.1.tlog
c:\users\spefix\desktop\matrixx4\matrixx4\debug\matrixx4.tlog\link.11032.delete.1.tlog
c:\users\spefix\desktop\matrixx4\matrixx4\debug\matrixx4.tlog\link.13420.delete.1.tlog
c:\users\spefix\desktop\matrixx4\matrixx4\debug\matrixx4.tlog\link.13944.delete.1.tlog
c:\users\spefix\desktop\matrixx4\matrixx4\debug\matrixx4.tlog\link.14120.delete.1.tlog
c:\users\spefix\desktop\matrixx4\matrixx4\debug\matrixx4.tlog\link.14592.delete.1.tlog
c:\users\spefix\desktop\matrixx4\matrixx4\debug\matrixx4.tlog\link.14924.delete.1.tlog
c:\users\spefix\desktop\matrixx4\matrixx4\debug\matrixx4.tlog\link.14968.delete.1.tlog
c:\users\spefix\desktop\matrixx4\matrixx4\debug\matrixx4.tlog\link.15020.delete.1.tlog
c:\users\spefix\desktop\matrixx4\matrixx4\debug\matrixx4.tlog\link.16508.delete.1.tlog
c:\users\spefix\desktop\matrixx4\matrixx4\debug\matrixx4.tlog\link.17844.delete.1.tlog
c:\users\spefix\desktop\matrixx4\matrixx4\debug\matrixx4.tlog\link.18380.delete.1.tlog
c:\users\spefix\desktop\matrixx4\matrixx4\debug\matrixx4.tlog\link.18648.delete.1.tlog
c:\users\spefix\desktop\matrixx4\matrixx4\debug\matrixx4.tlog\link.18800.delete.1.tlog
c:\users\spefix\desktop\matrixx4\matrixx4\debug\matrixx4.tlog\link.19384.delete.1.tlog
c:\users\spefix\desktop\matrixx4\matrixx4\debug\matrixx4.tlog\link.19388.delete.1.tlog
c:\users\spefix\desktop\matrixx4\matrixx4\debug\matrixx4.tlog\link.20108.delete.1.tlog
c:\users\spefix\desktop\matrixx4\matrixx4\debug\matrixx4.tlog\link.20132.delete.1.tlog
c:\users\spefix\desktop\matrixx4\matrixx4\debug\matrixx4.tlog\link.20420.delete.1.tlog
c:\users\spefix\desktop\matrixx4\matrixx4\debug\matrixx4.tlog\link.20572.delete.1.tlog
c:\users\spefix\desktop\matrixx4\matrixx4\debug\matrixx4.tlog\link.3504.delete.1.tlog
c:\users\spefix\desktop\matrixx4\matrixx4\debug\matrixx4.tlog\link.3924.delete.1.tlog
c:\users\spefix\desktop\matrixx4\matrixx4\debug\matrixx4.tlog\link.4828.delete.1.tlog
c:\users\spefix\desktop\matrixx4\matrixx4\debug\matrixx4.tlog\link.4852.delete.1.tlog
c:\users\spefix\desktop\matrixx4\matrixx4\debug\matrixx4.tlog\link.5260.delete.1.tlog
c:\users\spefix\desktop\matrixx4\matrixx4\debug\matrixx4.tlog\link.5712.delete.1.tlog
c:\users\spefix\desktop\matrixx4\matrixx4\debug\matrixx4.tlog\link.8368.delete.1.tlog
c:\users\spefix\desktop\matrixx4\matrixx4\debug\matrixx4.tlog\link.92.delete.1.tlog
c:\users\spefix\desktop\matrixx4\matrixx4\debug\matrixx4.tlog\link.command.1.tlog
c:\users\spefix\desktop\matrixx4\matrixx4\debug\matrixx4.tlog\link.read.1.tlog
c:\users\spefix\desktop\matrixx4\matrixx4\debug\matrixx4.tlog\link.write.1.tlog
c:\users\spefix\desktop\matrixx4\matrixx4\debug\matrixx4.tlog\matrixx4.write.1u.tlog
c:\users\spefix\desktop\matrixx4\matrixx4\debug\matrixx4.tlog\metagen.read.1.tlog
c:\users\spefix\desktop\matrixx4\matrixx4\debug\matrixx4.tlog\metagen.write.1.tlog
